[ 2016-08-23T09:54:21+08:00 ] 127.0.0.1 /
INFO: [ app_init ] --START--
INFO: Run Behavior\BuildLiteBehavior [ RunTime:0.000000s ]
INFO: [ app_init ] --END-- [ RunTime:0.001000s ]
INFO: [ app_begin ] --START--
INFO: Run Behavior\ReadHtmlCacheBehavior [ RunTime:0.002000s ]
INFO: [ app_begin ] --END-- [ RunTime:0.002000s ]
SQL: SHOW COLUMNS FROM `ecs_goods` [ RunTime:0.0350s ]
SQL: SELECT * FROM `ecs_goods`  [ RunTime:0.0130s ]
SQL: SELECT * FROM `ecs_goods` LIMIT 0,10   [ RunTime:0.0010s ]
INFO: [ view_parse ] --START--
INFO: [ template_filter ] --START--
INFO: Run Behavior\ContentReplaceBehavior [ RunTime:0.000000s ]
INFO: [ template_filter ] --END-- [ RunTime:0.000000s ]
NOTIC: [8] Undefined variable: cart_mount D:\phpStudy\WWW\learn\tp1625\Application\Runtime\Cache\Admin\b0f0b709690a72033d17719e8059053c.php 第 132 行.
INFO: Run Behavior\ParseTemplateBehavior [ RunTime:0.031002s ]
INFO: [ view_parse ] --END-- [ RunTime:0.031002s ]
INFO: [ view_filter ] --START--
INFO: Run Behavior\WriteHtmlCacheBehavior [ RunTime:0.001000s ]
INFO: [ view_filter ] --END-- [ RunTime:0.001000s ]
INFO: [ app_end ] --START--
INFO: Run Behavior\ShowPageTraceBehavior [ RunTime:0.001000s ]
INFO: [ app_end ] --END-- [ RunTime:0.001000s ]

[ 2016-08-23T09:54:30+08:00 ] 127.0.0.1 /index.php/Admin/Goods/goods_category.html
INFO: [ app_init ] --START--
INFO: Run Behavior\BuildLiteBehavior [ RunTime:0.000000s ]
INFO: [ app_init ] --END-- [ RunTime:0.001000s ]
INFO: [ app_begin ] --START--
INFO: Run Behavior\ReadHtmlCacheBehavior [ RunTime:0.002000s ]
INFO: [ app_begin ] --END-- [ RunTime:0.002000s ]
SQL: SHOW COLUMNS FROM `ecs_category` [ RunTime:0.0980s ]
SQL: SELECT * FROM `ecs_category`  [ RunTime:0.0050s ]
INFO: [ view_parse ] --START--
INFO: [ template_filter ] --START--
INFO: Run Behavior\ContentReplaceBehavior [ RunTime:0.000000s ]
INFO: [ template_filter ] --END-- [ RunTime:0.001000s ]
NOTIC: [8] Undefined variable: title D:\phpStudy\WWW\learn\tp1625\Application\Runtime\Cache\Admin\1d921fdd591be1f0cfdf650d9e819cd2.php 第 6 行.
NOTIC: [8] Undefined variable: cart_mount D:\phpStudy\WWW\learn\tp1625\Application\Runtime\Cache\Admin\1d921fdd591be1f0cfdf650d9e819cd2.php 第 85 行.
INFO: Run Behavior\ParseTemplateBehavior [ RunTime:0.041003s ]
INFO: [ view_parse ] --END-- [ RunTime:0.041003s ]
INFO: [ view_filter ] --START--
INFO: Run Behavior\WriteHtmlCacheBehavior [ RunTime:0.001000s ]
INFO: [ view_filter ] --END-- [ RunTime:0.001000s ]
INFO: [ app_end ] --START--
INFO: Run Behavior\ShowPageTraceBehavior [ RunTime:0.002000s ]
INFO: [ app_end ] --END-- [ RunTime:0.003000s ]

[ 2016-08-23T09:54:31+08:00 ] 127.0.0.1 /index.php/Admin/Goods/sort_goods.html?cat_id=2
INFO: [ app_init ] --START--
INFO: Run Behavior\BuildLiteBehavior [ RunTime:0.000000s ]
INFO: [ app_init ] --END-- [ RunTime:0.001000s ]
INFO: [ app_begin ] --START--
INFO: Run Behavior\ReadHtmlCacheBehavior [ RunTime:0.002000s ]
INFO: [ app_begin ] --END-- [ RunTime:0.002000s ]

[ 2016-08-23T09:55:23+08:00 ] 127.0.0.1 /index.php/Admin/Goods/sort_goods.html?cat_id=2
INFO: [ app_init ] --START--
INFO: Run Behavior\BuildLiteBehavior [ RunTime:0.000000s ]
INFO: [ app_init ] --END-- [ RunTime:0.000000s ]
INFO: [ app_begin ] --START--
INFO: Run Behavior\ReadHtmlCacheBehavior [ RunTime:0.001000s ]
INFO: [ app_begin ] --END-- [ RunTime:0.001000s ]
SQL: SHOW COLUMNS FROM `ecs_goods` [ RunTime:0.0060s ]
SQL: SELECT * FROM `ecs_goods` WHERE ( cat_id='2' )  [ RunTime:0.0000s ]
ERR: 模板不存在:./Application/Admin/View/Goods/main.html

[ 2016-08-23T09:56:50+08:00 ] 127.0.0.1 /index.php/Admin/Goods/sort_goods.html?cat_id=2
INFO: [ app_init ] --START--
INFO: Run Behavior\BuildLiteBehavior [ RunTime:0.000000s ]
INFO: [ app_init ] --END-- [ RunTime:0.001000s ]
INFO: [ app_begin ] --START--
INFO: Run Behavior\ReadHtmlCacheBehavior [ RunTime:0.001000s ]
INFO: [ app_begin ] --END-- [ RunTime:0.001000s ]
SQL: SHOW COLUMNS FROM `ecs_goods` [ RunTime:0.0060s ]
SQL: SELECT * FROM `ecs_goods` WHERE ( cat_id='2' )  [ RunTime:0.0010s ]
INFO: [ view_parse ] --START--
INFO: [ template_filter ] --START--
INFO: Run Behavior\ContentReplaceBehavior [ RunTime:0.000000s ]
INFO: [ template_filter ] --END-- [ RunTime:0.000000s ]
NOTIC: [8] Undefined variable: title D:\phpStudy\WWW\learn\tp1625\Application\Runtime\Cache\Admin\8c3e93a382f1b4975dfe4578683a572e.php 第 10 行.
NOTIC: [8] Undefined variable: page D:\phpStudy\WWW\learn\tp1625\Application\Runtime\Cache\Admin\8c3e93a382f1b4975dfe4578683a572e.php 第 108 行.
NOTIC: [8] Undefined variable: page D:\phpStudy\WWW\learn\tp1625\Application\Runtime\Cache\Admin\8c3e93a382f1b4975dfe4578683a572e.php 第 113 行.
NOTIC: [8] Undefined variable: page D:\phpStudy\WWW\learn\tp1625\Application\Runtime\Cache\Admin\8c3e93a382f1b4975dfe4578683a572e.php 第 117 行.
NOTIC: [8] Undefined variable: pageMax D:\phpStudy\WWW\learn\tp1625\Application\Runtime\Cache\Admin\8c3e93a382f1b4975dfe4578683a572e.php 第 117 行.
NOTIC: [8] Undefined variable: cart_mount D:\phpStudy\WWW\learn\tp1625\Application\Runtime\Cache\Admin\8c3e93a382f1b4975dfe4578683a572e.php 第 132 行.
INFO: Run Behavior\ParseTemplateBehavior [ RunTime:0.017001s ]
INFO: [ view_parse ] --END-- [ RunTime:0.017001s ]
INFO: [ view_filter ] --START--
INFO: Run Behavior\WriteHtmlCacheBehavior [ RunTime:0.000000s ]
INFO: [ view_filter ] --END-- [ RunTime:0.000000s ]
INFO: [ app_end ] --START--
INFO: Run Behavior\ShowPageTraceBehavior [ RunTime:0.001000s ]
INFO: [ app_end ] --END-- [ RunTime:0.001000s ]

[ 2016-08-23T09:56:59+08:00 ] 127.0.0.1 /index.php/Admin/Goods/sort_goods.html?cat_id=3
INFO: [ app_init ] --START--
INFO: Run Behavior\BuildLiteBehavior [ RunTime:0.000000s ]
INFO: [ app_init ] --END-- [ RunTime:0.001000s ]
INFO: [ app_begin ] --START--
INFO: Run Behavior\ReadHtmlCacheBehavior [ RunTime:0.001000s ]
INFO: [ app_begin ] --END-- [ RunTime:0.001000s ]
SQL: SHOW COLUMNS FROM `ecs_goods` [ RunTime:0.0150s ]
SQL: SELECT * FROM `ecs_goods` WHERE ( cat_id='3' )  [ RunTime:0.0010s ]
INFO: [ view_parse ] --START--
INFO: [ template_filter ] --START--
INFO: Run Behavior\ContentReplaceBehavior [ RunTime:0.001000s ]
INFO: [ template_filter ] --END-- [ RunTime:0.001000s ]
NOTIC: [8] Undefined variable: title D:\phpStudy\WWW\learn\tp1625\Application\Runtime\Cache\Admin\8c3e93a382f1b4975dfe4578683a572e.php 第 10 行.
NOTIC: [8] Undefined variable: page D:\phpStudy\WWW\learn\tp1625\Application\Runtime\Cache\Admin\8c3e93a382f1b4975dfe4578683a572e.php 第 108 行.
NOTIC: [8] Undefined variable: page D:\phpStudy\WWW\learn\tp1625\Application\Runtime\Cache\Admin\8c3e93a382f1b4975dfe4578683a572e.php 第 113 行.
NOTIC: [8] Undefined variable: page D:\phpStudy\WWW\learn\tp1625\Application\Runtime\Cache\Admin\8c3e93a382f1b4975dfe4578683a572e.php 第 117 行.
NOTIC: [8] Undefined variable: pageMax D:\phpStudy\WWW\learn\tp1625\Application\Runtime\Cache\Admin\8c3e93a382f1b4975dfe4578683a572e.php 第 117 行.
NOTIC: [8] Undefined variable: cart_mount D:\phpStudy\WWW\learn\tp1625\Application\Runtime\Cache\Admin\8c3e93a382f1b4975dfe4578683a572e.php 第 132 行.
INFO: Run Behavior\ParseTemplateBehavior [ RunTime:0.017001s ]
INFO: [ view_parse ] --END-- [ RunTime:0.017001s ]
INFO: [ view_filter ] --START--
INFO: Run Behavior\WriteHtmlCacheBehavior [ RunTime:0.000000s ]
INFO: [ view_filter ] --END-- [ RunTime:0.001000s ]
INFO: [ app_end ] --START--
INFO: Run Behavior\ShowPageTraceBehavior [ RunTime:0.000000s ]
INFO: [ app_end ] --END-- [ RunTime:0.000000s ]

[ 2016-08-23T09:57:03+08:00 ] 127.0.0.1 /index.php/Admin/Goods/sort_goods.html?cat_id=5
INFO: [ app_init ] --START--
INFO: Run Behavior\BuildLiteBehavior [ RunTime:0.000000s ]
INFO: [ app_init ] --END-- [ RunTime:0.001000s ]
INFO: [ app_begin ] --START--
INFO: Run Behavior\ReadHtmlCacheBehavior [ RunTime:0.001000s ]
INFO: [ app_begin ] --END-- [ RunTime:0.002000s ]
SQL: SHOW COLUMNS FROM `ecs_goods` [ RunTime:0.0100s ]
SQL: SELECT * FROM `ecs_goods` WHERE ( cat_id='5' )  [ RunTime:0.0010s ]
INFO: [ view_parse ] --START--
INFO: [ template_filter ] --START--
INFO: Run Behavior\ContentReplaceBehavior [ RunTime:0.000000s ]
INFO: [ template_filter ] --END-- [ RunTime:0.001000s ]
NOTIC: [8] Undefined variable: title D:\phpStudy\WWW\learn\tp1625\Application\Runtime\Cache\Admin\8c3e93a382f1b4975dfe4578683a572e.php 第 10 行.
NOTIC: [8] Undefined variable: page D:\phpStudy\WWW\learn\tp1625\Application\Runtime\Cache\Admin\8c3e93a382f1b4975dfe4578683a572e.php 第 108 行.
NOTIC: [8] Undefined variable: page D:\phpStudy\WWW\learn\tp1625\Application\Runtime\Cache\Admin\8c3e93a382f1b4975dfe4578683a572e.php 第 113 行.
NOTIC: [8] Undefined variable: page D:\phpStudy\WWW\learn\tp1625\Application\Runtime\Cache\Admin\8c3e93a382f1b4975dfe4578683a572e.php 第 117 行.
NOTIC: [8] Undefined variable: pageMax D:\phpStudy\WWW\learn\tp1625\Application\Runtime\Cache\Admin\8c3e93a382f1b4975dfe4578683a572e.php 第 117 行.
NOTIC: [8] Undefined variable: cart_mount D:\phpStudy\WWW\learn\tp1625\Application\Runtime\Cache\Admin\8c3e93a382f1b4975dfe4578683a572e.php 第 132 行.
INFO: Run Behavior\ParseTemplateBehavior [ RunTime:0.015000s ]
INFO: [ view_parse ] --END-- [ RunTime:0.015000s ]
INFO: [ view_filter ] --START--
INFO: Run Behavior\WriteHtmlCacheBehavior [ RunTime:0.000000s ]
INFO: [ view_filter ] --END-- [ RunTime:0.000000s ]
INFO: [ app_end ] --START--
INFO: Run Behavior\ShowPageTraceBehavior [ RunTime:0.000000s ]
INFO: [ app_end ] --END-- [ RunTime:0.000000s ]

[ 2016-08-23T09:57:06+08:00 ] 127.0.0.1 /index.php/Admin/Goods/sort_goods.html?cat_id=3
INFO: [ app_init ] --START--
INFO: Run Behavior\BuildLiteBehavior [ RunTime:0.000000s ]
INFO: [ app_init ] --END-- [ RunTime:0.000000s ]
INFO: [ app_begin ] --START--
INFO: Run Behavior\ReadHtmlCacheBehavior [ RunTime:0.001000s ]
INFO: [ app_begin ] --END-- [ RunTime:0.001000s ]
SQL: SHOW COLUMNS FROM `ecs_goods` [ RunTime:0.0070s ]
SQL: SELECT * FROM `ecs_goods` WHERE ( cat_id='3' )  [ RunTime:0.0010s ]
INFO: [ view_parse ] --START--
INFO: [ template_filter ] --START--
INFO: Run Behavior\ContentReplaceBehavior [ RunTime:0.000000s ]
INFO: [ template_filter ] --END-- [ RunTime:0.000000s ]
NOTIC: [8] Undefined variable: title D:\phpStudy\WWW\learn\tp1625\Application\Runtime\Cache\Admin\8c3e93a382f1b4975dfe4578683a572e.php 第 10 行.
NOTIC: [8] Undefined variable: page D:\phpStudy\WWW\learn\tp1625\Application\Runtime\Cache\Admin\8c3e93a382f1b4975dfe4578683a572e.php 第 108 行.
NOTIC: [8] Undefined variable: page D:\phpStudy\WWW\learn\tp1625\Application\Runtime\Cache\Admin\8c3e93a382f1b4975dfe4578683a572e.php 第 113 行.
NOTIC: [8] Undefined variable: page D:\phpStudy\WWW\learn\tp1625\Application\Runtime\Cache\Admin\8c3e93a382f1b4975dfe4578683a572e.php 第 117 行.
NOTIC: [8] Undefined variable: pageMax D:\phpStudy\WWW\learn\tp1625\Application\Runtime\Cache\Admin\8c3e93a382f1b4975dfe4578683a572e.php 第 117 行.
NOTIC: [8] Undefined variable: cart_mount D:\phpStudy\WWW\learn\tp1625\Application\Runtime\Cache\Admin\8c3e93a382f1b4975dfe4578683a572e.php 第 132 行.
INFO: Run Behavior\ParseTemplateBehavior [ RunTime:0.020002s ]
INFO: [ view_parse ] --END-- [ RunTime:0.020002s ]
INFO: [ view_filter ] --START--
INFO: Run Behavior\WriteHtmlCacheBehavior [ RunTime:0.001000s ]
INFO: [ view_filter ] --END-- [ RunTime:0.001000s ]
INFO: [ app_end ] --START--
INFO: Run Behavior\ShowPageTraceBehavior [ RunTime:0.001000s ]
INFO: [ app_end ] --END-- [ RunTime:0.001000s ]

[ 2016-08-23T09:57:10+08:00 ] 127.0.0.1 /index.php/Admin/Goods/sort_goods.html?cat_id=166
INFO: [ app_init ] --START--
INFO: Run Behavior\BuildLiteBehavior [ RunTime:0.000000s ]
INFO: [ app_init ] --END-- [ RunTime:0.001000s ]
INFO: [ app_begin ] --START--
INFO: Run Behavior\ReadHtmlCacheBehavior [ RunTime:0.001000s ]
INFO: [ app_begin ] --END-- [ RunTime:0.001000s ]
SQL: SHOW COLUMNS FROM `ecs_goods` [ RunTime:0.0080s ]
SQL: SELECT * FROM `ecs_goods` WHERE ( cat_id='166' )  [ RunTime:0.0000s ]
INFO: [ view_parse ] --START--
INFO: [ template_filter ] --START--
INFO: Run Behavior\ContentReplaceBehavior [ RunTime:0.001000s ]
INFO: [ template_filter ] --END-- [ RunTime:0.001000s ]
NOTIC: [8] Undefined variable: title D:\phpStudy\WWW\learn\tp1625\Application\Runtime\Cache\Admin\8c3e93a382f1b4975dfe4578683a572e.php 第 10 行.
NOTIC: [8] Undefined variable: page D:\phpStudy\WWW\learn\tp1625\Application\Runtime\Cache\Admin\8c3e93a382f1b4975dfe4578683a572e.php 第 108 行.
NOTIC: [8] Undefined variable: page D:\phpStudy\WWW\learn\tp1625\Application\Runtime\Cache\Admin\8c3e93a382f1b4975dfe4578683a572e.php 第 113 行.
NOTIC: [8] Undefined variable: page D:\phpStudy\WWW\learn\tp1625\Application\Runtime\Cache\Admin\8c3e93a382f1b4975dfe4578683a572e.php 第 117 行.
NOTIC: [8] Undefined variable: pageMax D:\phpStudy\WWW\learn\tp1625\Application\Runtime\Cache\Admin\8c3e93a382f1b4975dfe4578683a572e.php 第 117 行.
NOTIC: [8] Undefined variable: cart_mount D:\phpStudy\WWW\learn\tp1625\Application\Runtime\Cache\Admin\8c3e93a382f1b4975dfe4578683a572e.php 第 132 行.
INFO: Run Behavior\ParseTemplateBehavior [ RunTime:0.019002s ]
INFO: [ view_parse ] --END-- [ RunTime:0.019002s ]
INFO: [ view_filter ] --START--
INFO: Run Behavior\WriteHtmlCacheBehavior [ RunTime:0.000000s ]
INFO: [ view_filter ] --END-- [ RunTime:0.001000s ]
INFO: [ app_end ] --START--
INFO: Run Behavior\ShowPageTraceBehavior [ RunTime:0.000000s ]
INFO: [ app_end ] --END-- [ RunTime:0.001000s ]

[ 2016-08-23T09:57:14+08:00 ] 127.0.0.1 /index.php/Admin/Goods/sort_goods.html?cat_id=7
INFO: [ app_init ] --START--
INFO: Run Behavior\BuildLiteBehavior [ RunTime:0.000000s ]
INFO: [ app_init ] --END-- [ RunTime:0.001000s ]
INFO: [ app_begin ] --START--
INFO: Run Behavior\ReadHtmlCacheBehavior [ RunTime:0.001000s ]
INFO: [ app_begin ] --END-- [ RunTime:0.001000s ]
SQL: SHOW COLUMNS FROM `ecs_goods` [ RunTime:0.0120s ]
SQL: SELECT * FROM `ecs_goods` WHERE ( cat_id='7' )  [ RunTime:0.0010s ]
INFO: [ view_parse ] --START--
INFO: [ template_filter ] --START--
INFO: Run Behavior\ContentReplaceBehavior [ RunTime:0.000000s ]
INFO: [ template_filter ] --END-- [ RunTime:0.000000s ]
NOTIC: [8] Undefined variable: title D:\phpStudy\WWW\learn\tp1625\Application\Runtime\Cache\Admin\8c3e93a382f1b4975dfe4578683a572e.php 第 10 行.
NOTIC: [8] Undefined variable: page D:\phpStudy\WWW\learn\tp1625\Application\Runtime\Cache\Admin\8c3e93a382f1b4975dfe4578683a572e.php 第 108 行.
NOTIC: [8] Undefined variable: page D:\phpStudy\WWW\learn\tp1625\Application\Runtime\Cache\Admin\8c3e93a382f1b4975dfe4578683a572e.php 第 113 行.
NOTIC: [8] Undefined variable: page D:\phpStudy\WWW\learn\tp1625\Application\Runtime\Cache\Admin\8c3e93a382f1b4975dfe4578683a572e.php 第 117 行.
NOTIC: [8] Undefined variable: pageMax D:\phpStudy\WWW\learn\tp1625\Application\Runtime\Cache\Admin\8c3e93a382f1b4975dfe4578683a572e.php 第 117 行.
NOTIC: [8] Undefined variable: cart_mount D:\phpStudy\WWW\learn\tp1625\Application\Runtime\Cache\Admin\8c3e93a382f1b4975dfe4578683a572e.php 第 132 行.
INFO: Run Behavior\ParseTemplateBehavior [ RunTime:0.020001s ]
INFO: [ view_parse ] --END-- [ RunTime:0.020001s ]
INFO: [ view_filter ] --START--
INFO: Run Behavior\WriteHtmlCacheBehavior [ RunTime:0.001000s ]
INFO: [ view_filter ] --END-- [ RunTime:0.001000s ]
INFO: [ app_end ] --START--
INFO: Run Behavior\ShowPageTraceBehavior [ RunTime:0.001000s ]
INFO: [ app_end ] --END-- [ RunTime:0.001000s ]

[ 2016-08-23T09:57:16+08:00 ] 127.0.0.1 /index.php/Admin/Goods/sort_goods.html?cat_id=4
INFO: [ app_init ] --START--
INFO: Run Behavior\BuildLiteBehavior [ RunTime:0.000000s ]
INFO: [ app_init ] --END-- [ RunTime:0.001000s ]
INFO: [ app_begin ] --START--
INFO: Run Behavior\ReadHtmlCacheBehavior [ RunTime:0.000000s ]
INFO: [ app_begin ] --END-- [ RunTime:0.000000s ]
SQL: SHOW COLUMNS FROM `ecs_goods` [ RunTime:0.0130s ]
SQL: SELECT * FROM `ecs_goods` WHERE ( cat_id='4' )  [ RunTime:0.0010s ]
INFO: [ view_parse ] --START--
INFO: [ template_filter ] --START--
INFO: Run Behavior\ContentReplaceBehavior [ RunTime:0.000000s ]
INFO: [ template_filter ] --END-- [ RunTime:0.000000s ]
NOTIC: [8] Undefined variable: title D:\phpStudy\WWW\learn\tp1625\Application\Runtime\Cache\Admin\8c3e93a382f1b4975dfe4578683a572e.php 第 10 行.
NOTIC: [8] Undefined variable: page D:\phpStudy\WWW\learn\tp1625\Application\Runtime\Cache\Admin\8c3e93a382f1b4975dfe4578683a572e.php 第 108 行.
NOTIC: [8] Undefined variable: page D:\phpStudy\WWW\learn\tp1625\Application\Runtime\Cache\Admin\8c3e93a382f1b4975dfe4578683a572e.php 第 113 行.
NOTIC: [8] Undefined variable: page D:\phpStudy\WWW\learn\tp1625\Application\Runtime\Cache\Admin\8c3e93a382f1b4975dfe4578683a572e.php 第 117 行.
NOTIC: [8] Undefined variable: pageMax D:\phpStudy\WWW\learn\tp1625\Application\Runtime\Cache\Admin\8c3e93a382f1b4975dfe4578683a572e.php 第 117 行.
NOTIC: [8] Undefined variable: cart_mount D:\phpStudy\WWW\learn\tp1625\Application\Runtime\Cache\Admin\8c3e93a382f1b4975dfe4578683a572e.php 第 132 行.
INFO: Run Behavior\ParseTemplateBehavior [ RunTime:0.020001s ]
INFO: [ view_parse ] --END-- [ RunTime:0.020001s ]
INFO: [ view_filter ] --START--
INFO: Run Behavior\WriteHtmlCacheBehavior [ RunTime:0.001000s ]
INFO: [ view_filter ] --END-- [ RunTime:0.001000s ]
INFO: [ app_end ] --START--
INFO: Run Behavior\ShowPageTraceBehavior [ RunTime:0.002000s ]
INFO: [ app_end ] --END-- [ RunTime:0.002000s ]

[ 2016-08-23T09:57:23+08:00 ] 127.0.0.1 /index.php/Admin/Goods/sort_goods.html?cat_id=13
INFO: [ app_init ] --START--
INFO: Run Behavior\BuildLiteBehavior [ RunTime:0.000000s ]
INFO: [ app_init ] --END-- [ RunTime:0.001000s ]
INFO: [ app_begin ] --START--
INFO: Run Behavior\ReadHtmlCacheBehavior [ RunTime:0.001000s ]
INFO: [ app_begin ] --END-- [ RunTime:0.001000s ]
SQL: SHOW COLUMNS FROM `ecs_goods` [ RunTime:0.0050s ]
SQL: SELECT * FROM `ecs_goods` WHERE ( cat_id='13' )  [ RunTime:0.0010s ]
INFO: [ view_parse ] --START--
INFO: [ template_filter ] --START--
INFO: Run Behavior\ContentReplaceBehavior [ RunTime:0.001000s ]
INFO: [ template_filter ] --END-- [ RunTime:0.001000s ]
NOTIC: [8] Undefined variable: title D:\phpStudy\WWW\learn\tp1625\Application\Runtime\Cache\Admin\8c3e93a382f1b4975dfe4578683a572e.php 第 10 行.
NOTIC: [8] Undefined variable: page D:\phpStudy\WWW\learn\tp1625\Application\Runtime\Cache\Admin\8c3e93a382f1b4975dfe4578683a572e.php 第 108 行.
NOTIC: [8] Undefined variable: page D:\phpStudy\WWW\learn\tp1625\Application\Runtime\Cache\Admin\8c3e93a382f1b4975dfe4578683a572e.php 第 113 行.
NOTIC: [8] Undefined variable: page D:\phpStudy\WWW\learn\tp1625\Application\Runtime\Cache\Admin\8c3e93a382f1b4975dfe4578683a572e.php 第 117 行.
NOTIC: [8] Undefined variable: pageMax D:\phpStudy\WWW\learn\tp1625\Application\Runtime\Cache\Admin\8c3e93a382f1b4975dfe4578683a572e.php 第 117 行.
NOTIC: [8] Undefined variable: cart_mount D:\phpStudy\WWW\learn\tp1625\Application\Runtime\Cache\Admin\8c3e93a382f1b4975dfe4578683a572e.php 第 132 行.
INFO: Run Behavior\ParseTemplateBehavior [ RunTime:0.016001s ]
INFO: [ view_parse ] --END-- [ RunTime:0.016001s ]
INFO: [ view_filter ] --START--
INFO: Run Behavior\WriteHtmlCacheBehavior [ RunTime:0.000000s ]
INFO: [ view_filter ] --END-- [ RunTime:0.000000s ]
INFO: [ app_end ] --START--
INFO: Run Behavior\ShowPageTraceBehavior [ RunTime:0.001000s ]
INFO: [ app_end ] --END-- [ RunTime:0.001000s ]

[ 2016-08-23T09:57:29+08:00 ] 127.0.0.1 /index.php/Admin/Goods/sort_goods.html?cat_id=46
INFO: [ app_init ] --START--
INFO: Run Behavior\BuildLiteBehavior [ RunTime:0.000000s ]
INFO: [ app_init ] --END-- [ RunTime:0.001000s ]
INFO: [ app_begin ] --START--
INFO: Run Behavior\ReadHtmlCacheBehavior [ RunTime:0.001000s ]
INFO: [ app_begin ] --END-- [ RunTime:0.001000s ]
SQL: SHOW COLUMNS FROM `ecs_goods` [ RunTime:0.0080s ]
SQL: SELECT * FROM `ecs_goods` WHERE ( cat_id='46' )  [ RunTime:0.0000s ]
INFO: [ view_parse ] --START--
INFO: [ template_filter ] --START--
INFO: Run Behavior\ContentReplaceBehavior [ RunTime:0.000000s ]
INFO: [ template_filter ] --END-- [ RunTime:0.000000s ]
NOTIC: [8] Undefined variable: title D:\phpStudy\WWW\learn\tp1625\Application\Runtime\Cache\Admin\8c3e93a382f1b4975dfe4578683a572e.php 第 10 行.
NOTIC: [8] Undefined variable: page D:\phpStudy\WWW\learn\tp1625\Application\Runtime\Cache\Admin\8c3e93a382f1b4975dfe4578683a572e.php 第 108 行.
NOTIC: [8] Undefined variable: page D:\phpStudy\WWW\learn\tp1625\Application\Runtime\Cache\Admin\8c3e93a382f1b4975dfe4578683a572e.php 第 113 行.
NOTIC: [8] Undefined variable: page D:\phpStudy\WWW\learn\tp1625\Application\Runtime\Cache\Admin\8c3e93a382f1b4975dfe4578683a572e.php 第 117 行.
NOTIC: [8] Undefined variable: pageMax D:\phpStudy\WWW\learn\tp1625\Application\Runtime\Cache\Admin\8c3e93a382f1b4975dfe4578683a572e.php 第 117 行.
NOTIC: [8] Undefined variable: cart_mount D:\phpStudy\WWW\learn\tp1625\Application\Runtime\Cache\Admin\8c3e93a382f1b4975dfe4578683a572e.php 第 132 行.
INFO: Run Behavior\ParseTemplateBehavior [ RunTime:0.019001s ]
INFO: [ view_parse ] --END-- [ RunTime:0.019001s ]
INFO: [ view_filter ] --START--
INFO: Run Behavior\WriteHtmlCacheBehavior [ RunTime:0.001000s ]
INFO: [ view_filter ] --END-- [ RunTime:0.001000s ]
INFO: [ app_end ] --START--
INFO: Run Behavior\ShowPageTraceBehavior [ RunTime:0.001001s ]
INFO: [ app_end ] --END-- [ RunTime:0.001001s ]

[ 2016-08-23T09:57:33+08:00 ] 127.0.0.1 /index.php/Admin/Goods/sort_goods.html?cat_id=130
INFO: [ app_init ] --START--
INFO: Run Behavior\BuildLiteBehavior [ RunTime:0.000000s ]
INFO: [ app_init ] --END-- [ RunTime:0.001000s ]
INFO: [ app_begin ] --START--
INFO: Run Behavior\ReadHtmlCacheBehavior [ RunTime:0.001000s ]
INFO: [ app_begin ] --END-- [ RunTime:0.001000s ]
SQL: SHOW COLUMNS FROM `ecs_goods` [ RunTime:0.0050s ]
SQL: SELECT * FROM `ecs_goods` WHERE ( cat_id='130' )  [ RunTime:0.0010s ]
INFO: [ view_parse ] --START--
INFO: [ template_filter ] --START--
INFO: Run Behavior\ContentReplaceBehavior [ RunTime:0.000000s ]
INFO: [ template_filter ] --END-- [ RunTime:0.000000s ]
NOTIC: [8] Undefined variable: title D:\phpStudy\WWW\learn\tp1625\Application\Runtime\Cache\Admin\8c3e93a382f1b4975dfe4578683a572e.php 第 10 行.
NOTIC: [8] Undefined variable: page D:\phpStudy\WWW\learn\tp1625\Application\Runtime\Cache\Admin\8c3e93a382f1b4975dfe4578683a572e.php 第 108 行.
NOTIC: [8] Undefined variable: page D:\phpStudy\WWW\learn\tp1625\Application\Runtime\Cache\Admin\8c3e93a382f1b4975dfe4578683a572e.php 第 113 行.
NOTIC: [8] Undefined variable: page D:\phpStudy\WWW\learn\tp1625\Application\Runtime\Cache\Admin\8c3e93a382f1b4975dfe4578683a572e.php 第 117 行.
NOTIC: [8] Undefined variable: pageMax D:\phpStudy\WWW\learn\tp1625\Application\Runtime\Cache\Admin\8c3e93a382f1b4975dfe4578683a572e.php 第 117 行.
NOTIC: [8] Undefined variable: cart_mount D:\phpStudy\WWW\learn\tp1625\Application\Runtime\Cache\Admin\8c3e93a382f1b4975dfe4578683a572e.php 第 132 行.
INFO: Run Behavior\ParseTemplateBehavior [ RunTime:0.017001s ]
INFO: [ view_parse ] --END-- [ RunTime:0.017001s ]
INFO: [ view_filter ] --START--
INFO: Run Behavior\WriteHtmlCacheBehavior [ RunTime:0.001000s ]
INFO: [ view_filter ] --END-- [ RunTime:0.001000s ]
INFO: [ app_end ] --START--
INFO: Run Behavior\ShowPageTraceBehavior [ RunTime:0.001000s ]
INFO: [ app_end ] --END-- [ RunTime:0.001000s ]

[ 2016-08-23T09:57:38+08:00 ] 127.0.0.1 /index.php/Admin/Goods/sort_goods.html?cat_id=131
INFO: [ app_init ] --START--
INFO: Run Behavior\BuildLiteBehavior [ RunTime:0.000000s ]
INFO: [ app_init ] --END-- [ RunTime:0.000000s ]
INFO: [ app_begin ] --START--
INFO: Run Behavior\ReadHtmlCacheBehavior [ RunTime:0.001000s ]
INFO: [ app_begin ] --END-- [ RunTime:0.001000s ]
SQL: SHOW COLUMNS FROM `ecs_goods` [ RunTime:0.0070s ]
SQL: SELECT * FROM `ecs_goods` WHERE ( cat_id='131' )  [ RunTime:0.0010s ]
INFO: [ view_parse ] --START--
INFO: [ template_filter ] --START--
INFO: Run Behavior\ContentReplaceBehavior [ RunTime:0.000000s ]
INFO: [ template_filter ] --END-- [ RunTime:0.000000s ]
NOTIC: [8] Undefined variable: title D:\phpStudy\WWW\learn\tp1625\Application\Runtime\Cache\Admin\8c3e93a382f1b4975dfe4578683a572e.php 第 10 行.
NOTIC: [8] Undefined variable: page D:\phpStudy\WWW\learn\tp1625\Application\Runtime\Cache\Admin\8c3e93a382f1b4975dfe4578683a572e.php 第 108 行.
NOTIC: [8] Undefined variable: page D:\phpStudy\WWW\learn\tp1625\Application\Runtime\Cache\Admin\8c3e93a382f1b4975dfe4578683a572e.php 第 113 行.
NOTIC: [8] Undefined variable: page D:\phpStudy\WWW\learn\tp1625\Application\Runtime\Cache\Admin\8c3e93a382f1b4975dfe4578683a572e.php 第 117 行.
NOTIC: [8] Undefined variable: pageMax D:\phpStudy\WWW\learn\tp1625\Application\Runtime\Cache\Admin\8c3e93a382f1b4975dfe4578683a572e.php 第 117 行.
NOTIC: [8] Undefined variable: cart_mount D:\phpStudy\WWW\learn\tp1625\Application\Runtime\Cache\Admin\8c3e93a382f1b4975dfe4578683a572e.php 第 132 行.
INFO: Run Behavior\ParseTemplateBehavior [ RunTime:0.022001s ]
INFO: [ view_parse ] --END-- [ RunTime:0.022001s ]
INFO: [ view_filter ] --START--
INFO: Run Behavior\WriteHtmlCacheBehavior [ RunTime:0.001000s ]
INFO: [ view_filter ] --END-- [ RunTime:0.001000s ]
INFO: [ app_end ] --START--
INFO: Run Behavior\ShowPageTraceBehavior [ RunTime:0.001000s ]
INFO: [ app_end ] --END-- [ RunTime:0.001000s ]

[ 2016-08-23T10:35:37+08:00 ] 127.0.0.1 /index.php/Admin/Goods/sort_goods.html?cat_id=7
INFO: [ app_init ] --START--
INFO: Run Behavior\BuildLiteBehavior [ RunTime:0.000000s ]
INFO: [ app_init ] --END-- [ RunTime:0.001000s ]
INFO: [ app_begin ] --START--
INFO: Run Behavior\ReadHtmlCacheBehavior [ RunTime:0.001001s ]
INFO: [ app_begin ] --END-- [ RunTime:0.002001s ]
SQL: SHOW COLUMNS FROM `ecs_goods` [ RunTime:0.0110s ]
SQL: SELECT * FROM `ecs_goods` WHERE ( cat_id='7' )  [ RunTime:0.0020s ]
INFO: [ view_parse ] --START--
INFO: [ template_filter ] --START--
INFO: Run Behavior\ContentReplaceBehavior [ RunTime:0.000000s ]
INFO: [ template_filter ] --END-- [ RunTime:0.000000s ]
NOTIC: [8] Undefined variable: title D:\phpStudy\WWW\learn\tp1625\Application\Runtime\Cache\Admin\8c3e93a382f1b4975dfe4578683a572e.php 第 10 行.
NOTIC: [8] Undefined variable: page D:\phpStudy\WWW\learn\tp1625\Application\Runtime\Cache\Admin\8c3e93a382f1b4975dfe4578683a572e.php 第 108 行.
NOTIC: [8] Undefined variable: page D:\phpStudy\WWW\learn\tp1625\Application\Runtime\Cache\Admin\8c3e93a382f1b4975dfe4578683a572e.php 第 113 行.
NOTIC: [8] Undefined variable: page D:\phpStudy\WWW\learn\tp1625\Application\Runtime\Cache\Admin\8c3e93a382f1b4975dfe4578683a572e.php 第 117 行.
NOTIC: [8] Undefined variable: pageMax D:\phpStudy\WWW\learn\tp1625\Application\Runtime\Cache\Admin\8c3e93a382f1b4975dfe4578683a572e.php 第 117 行.
NOTIC: [8] Undefined variable: cart_mount D:\phpStudy\WWW\learn\tp1625\Application\Runtime\Cache\Admin\8c3e93a382f1b4975dfe4578683a572e.php 第 132 行.
INFO: Run Behavior\ParseTemplateBehavior [ RunTime:0.030001s ]
INFO: [ view_parse ] --END-- [ RunTime:0.030001s ]
INFO: [ view_filter ] --START--
INFO: Run Behavior\WriteHtmlCacheBehavior [ RunTime:0.001000s ]
INFO: [ view_filter ] --END-- [ RunTime:0.001000s ]
INFO: [ app_end ] --START--
INFO: Run Behavior\ShowPageTraceBehavior [ RunTime:0.001001s ]
INFO: [ app_end ] --END-- [ RunTime:0.001001s ]

[ 2016-08-23T10:36:41+08:00 ] 127.0.0.1 /index.php/Admin/Goods/sort_goods.html?cat_id=7
INFO: [ app_init ] --START--
INFO: Run Behavior\BuildLiteBehavior [ RunTime:0.000000s ]
INFO: [ app_init ] --END-- [ RunTime:0.001000s ]
INFO: [ app_begin ] --START--
INFO: Run Behavior\ReadHtmlCacheBehavior [ RunTime:0.002000s ]
INFO: [ app_begin ] --END-- [ RunTime:0.002000s ]
SQL: SHOW COLUMNS FROM `ecs_goods` [ RunTime:0.0070s ]
SQL: SELECT * FROM `ecs_goods` WHERE ( cat_id='7' )  [ RunTime:0.0010s ]
INFO: [ view_parse ] --START--
INFO: [ template_filter ] --START--
INFO: Run Behavior\ContentReplaceBehavior [ RunTime:0.000000s ]
INFO: [ template_filter ] --END-- [ RunTime:0.001000s ]
NOTIC: [8] Undefined variable: title D:\phpStudy\WWW\learn\tp1625\Application\Runtime\Cache\Admin\8c3e93a382f1b4975dfe4578683a572e.php 第 10 行.
NOTIC: [8] Undefined variable: page D:\phpStudy\WWW\learn\tp1625\Application\Runtime\Cache\Admin\8c3e93a382f1b4975dfe4578683a572e.php 第 108 行.
NOTIC: [8] Undefined variable: page D:\phpStudy\WWW\learn\tp1625\Application\Runtime\Cache\Admin\8c3e93a382f1b4975dfe4578683a572e.php 第 113 行.
NOTIC: [8] Undefined variable: page D:\phpStudy\WWW\learn\tp1625\Application\Runtime\Cache\Admin\8c3e93a382f1b4975dfe4578683a572e.php 第 117 行.
NOTIC: [8] Undefined variable: pageMax D:\phpStudy\WWW\learn\tp1625\Application\Runtime\Cache\Admin\8c3e93a382f1b4975dfe4578683a572e.php 第 117 行.
NOTIC: [8] Undefined variable: cart_mount D:\phpStudy\WWW\learn\tp1625\Application\Runtime\Cache\Admin\8c3e93a382f1b4975dfe4578683a572e.php 第 132 行.
INFO: Run Behavior\ParseTemplateBehavior [ RunTime:0.023001s ]
INFO: [ view_parse ] --END-- [ RunTime:0.023001s ]
INFO: [ view_filter ] --START--
INFO: Run Behavior\WriteHtmlCacheBehavior [ RunTime:0.000000s ]
INFO: [ view_filter ] --END-- [ RunTime:0.001000s ]
INFO: [ app_end ] --START--
INFO: Run Behavior\ShowPageTraceBehavior [ RunTime:0.001000s ]
INFO: [ app_end ] --END-- [ RunTime:0.001000s ]

[ 2016-08-23T10:36:55+08:00 ] 127.0.0.1 /index.php/Admin/Goods/sort_goods.html?cat_id=130
INFO: [ app_init ] --START--
INFO: Run Behavior\BuildLiteBehavior [ RunTime:0.000000s ]
INFO: [ app_init ] --END-- [ RunTime:0.001000s ]
INFO: [ app_begin ] --START--
INFO: Run Behavior\ReadHtmlCacheBehavior [ RunTime:0.002000s ]
INFO: [ app_begin ] --END-- [ RunTime:0.002000s ]
SQL: SHOW COLUMNS FROM `ecs_goods` [ RunTime:0.0060s ]
SQL: SELECT * FROM `ecs_goods` WHERE ( cat_id='130' )  [ RunTime:0.0000s ]
INFO: [ view_parse ] --START--
INFO: [ template_filter ] --START--
INFO: Run Behavior\ContentReplaceBehavior [ RunTime:0.000000s ]
INFO: [ template_filter ] --END-- [ RunTime:0.000000s ]
NOTIC: [8] Undefined variable: title D:\phpStudy\WWW\learn\tp1625\Application\Runtime\Cache\Admin\8c3e93a382f1b4975dfe4578683a572e.php 第 10 行.
NOTIC: [8] Undefined variable: page D:\phpStudy\WWW\learn\tp1625\Application\Runtime\Cache\Admin\8c3e93a382f1b4975dfe4578683a572e.php 第 108 行.
NOTIC: [8] Undefined variable: page D:\phpStudy\WWW\learn\tp1625\Application\Runtime\Cache\Admin\8c3e93a382f1b4975dfe4578683a572e.php 第 113 行.
NOTIC: [8] Undefined variable: page D:\phpStudy\WWW\learn\tp1625\Application\Runtime\Cache\Admin\8c3e93a382f1b4975dfe4578683a572e.php 第 117 行.
NOTIC: [8] Undefined variable: pageMax D:\phpStudy\WWW\learn\tp1625\Application\Runtime\Cache\Admin\8c3e93a382f1b4975dfe4578683a572e.php 第 117 行.
NOTIC: [8] Undefined variable: cart_mount D:\phpStudy\WWW\learn\tp1625\Application\Runtime\Cache\Admin\8c3e93a382f1b4975dfe4578683a572e.php 第 132 行.
INFO: Run Behavior\ParseTemplateBehavior [ RunTime:0.018001s ]
INFO: [ view_parse ] --END-- [ RunTime:0.018001s ]
INFO: [ view_filter ] --START--
INFO: Run Behavior\WriteHtmlCacheBehavior [ RunTime:0.001000s ]
INFO: [ view_filter ] --END-- [ RunTime:0.001000s ]
INFO: [ app_end ] --START--
INFO: Run Behavior\ShowPageTraceBehavior [ RunTime:0.001000s ]
INFO: [ app_end ] --END-- [ RunTime:0.001000s ]

[ 2016-08-23T10:36:59+08:00 ] 127.0.0.1 /index.php/Admin/Goods/sort_goods.html?cat_id=133
INFO: [ app_init ] --START--
INFO: Run Behavior\BuildLiteBehavior [ RunTime:0.000000s ]
INFO: [ app_init ] --END-- [ RunTime:0.000000s ]
INFO: [ app_begin ] --START--
INFO: Run Behavior\ReadHtmlCacheBehavior [ RunTime:0.001000s ]
INFO: [ app_begin ] --END-- [ RunTime:0.001000s ]
SQL: SHOW COLUMNS FROM `ecs_goods` [ RunTime:0.0070s ]
SQL: SELECT * FROM `ecs_goods` WHERE ( cat_id='133' )  [ RunTime:0.0010s ]
INFO: [ view_parse ] --START--
INFO: [ template_filter ] --START--
INFO: Run Behavior\ContentReplaceBehavior [ RunTime:0.000000s ]
INFO: [ template_filter ] --END-- [ RunTime:0.000000s ]
NOTIC: [8] Undefined variable: title D:\phpStudy\WWW\learn\tp1625\Application\Runtime\Cache\Admin\8c3e93a382f1b4975dfe4578683a572e.php 第 10 行.
NOTIC: [8] Undefined variable: page D:\phpStudy\WWW\learn\tp1625\Application\Runtime\Cache\Admin\8c3e93a382f1b4975dfe4578683a572e.php 第 108 行.
NOTIC: [8] Undefined variable: page D:\phpStudy\WWW\learn\tp1625\Application\Runtime\Cache\Admin\8c3e93a382f1b4975dfe4578683a572e.php 第 113 行.
NOTIC: [8] Undefined variable: page D:\phpStudy\WWW\learn\tp1625\Application\Runtime\Cache\Admin\8c3e93a382f1b4975dfe4578683a572e.php 第 117 行.
NOTIC: [8] Undefined variable: pageMax D:\phpStudy\WWW\learn\tp1625\Application\Runtime\Cache\Admin\8c3e93a382f1b4975dfe4578683a572e.php 第 117 行.
NOTIC: [8] Undefined variable: cart_mount D:\phpStudy\WWW\learn\tp1625\Application\Runtime\Cache\Admin\8c3e93a382f1b4975dfe4578683a572e.php 第 132 行.
INFO: Run Behavior\ParseTemplateBehavior [ RunTime:0.016001s ]
INFO: [ view_parse ] --END-- [ RunTime:0.016001s ]
INFO: [ view_filter ] --START--
INFO: Run Behavior\WriteHtmlCacheBehavior [ RunTime:0.001000s ]
INFO: [ view_filter ] --END-- [ RunTime:0.001000s ]
INFO: [ app_end ] --START--
INFO: Run Behavior\ShowPageTraceBehavior [ RunTime:0.000000s ]
INFO: [ app_end ] --END-- [ RunTime:0.000000s ]

[ 2016-08-23T10:37:03+08:00 ] 127.0.0.1 /index.php/Admin/Goods/sort_goods.html?cat_id=131
INFO: [ app_init ] --START--
INFO: Run Behavior\BuildLiteBehavior [ RunTime:0.000000s ]
INFO: [ app_init ] --END-- [ RunTime:0.002000s ]
INFO: [ app_begin ] --START--
INFO: Run Behavior\ReadHtmlCacheBehavior [ RunTime:0.001000s ]
INFO: [ app_begin ] --END-- [ RunTime:0.001000s ]
SQL: SHOW COLUMNS FROM `ecs_goods` [ RunTime:0.0120s ]
SQL: SELECT * FROM `ecs_goods` WHERE ( cat_id='131' )  [ RunTime:0.0010s ]
INFO: [ view_parse ] --START--
INFO: [ template_filter ] --START--
INFO: Run Behavior\ContentReplaceBehavior [ RunTime:0.001000s ]
INFO: [ template_filter ] --END-- [ RunTime:0.001000s ]
NOTIC: [8] Undefined variable: title D:\phpStudy\WWW\learn\tp1625\Application\Runtime\Cache\Admin\8c3e93a382f1b4975dfe4578683a572e.php 第 10 行.
NOTIC: [8] Undefined variable: page D:\phpStudy\WWW\learn\tp1625\Application\Runtime\Cache\Admin\8c3e93a382f1b4975dfe4578683a572e.php 第 108 行.
NOTIC: [8] Undefined variable: page D:\phpStudy\WWW\learn\tp1625\Application\Runtime\Cache\Admin\8c3e93a382f1b4975dfe4578683a572e.php 第 113 行.
NOTIC: [8] Undefined variable: page D:\phpStudy\WWW\learn\tp1625\Application\Runtime\Cache\Admin\8c3e93a382f1b4975dfe4578683a572e.php 第 117 行.
NOTIC: [8] Undefined variable: pageMax D:\phpStudy\WWW\learn\tp1625\Application\Runtime\Cache\Admin\8c3e93a382f1b4975dfe4578683a572e.php 第 117 行.
NOTIC: [8] Undefined variable: cart_mount D:\phpStudy\WWW\learn\tp1625\Application\Runtime\Cache\Admin\8c3e93a382f1b4975dfe4578683a572e.php 第 132 行.
INFO: Run Behavior\ParseTemplateBehavior [ RunTime:0.033002s ]
INFO: [ view_parse ] --END-- [ RunTime:0.033002s ]
INFO: [ view_filter ] --START--
INFO: Run Behavior\WriteHtmlCacheBehavior [ RunTime:0.001000s ]
INFO: [ view_filter ] --END-- [ RunTime:0.001000s ]
INFO: [ app_end ] --START--
INFO: Run Behavior\ShowPageTraceBehavior [ RunTime:0.001000s ]
INFO: [ app_end ] --END-- [ RunTime:0.002000s ]

[ 2016-08-23T10:37:08+08:00 ] 127.0.0.1 /index.php/Admin/Goods/sort_goods.html?cat_id=2
INFO: [ app_init ] --START--
INFO: Run Behavior\BuildLiteBehavior [ RunTime:0.000000s ]
INFO: [ app_init ] --END-- [ RunTime:0.000000s ]
INFO: [ app_begin ] --START--
INFO: Run Behavior\ReadHtmlCacheBehavior [ RunTime:0.001000s ]
INFO: [ app_begin ] --END-- [ RunTime:0.001000s ]
SQL: SHOW COLUMNS FROM `ecs_goods` [ RunTime:0.0060s ]
SQL: SELECT * FROM `ecs_goods` WHERE ( cat_id='2' )  [ RunTime:0.0010s ]
INFO: [ view_parse ] --START--
INFO: [ template_filter ] --START--
INFO: Run Behavior\ContentReplaceBehavior [ RunTime:0.001000s ]
INFO: [ template_filter ] --END-- [ RunTime:0.001000s ]
NOTIC: [8] Undefined variable: title D:\phpStudy\WWW\learn\tp1625\Application\Runtime\Cache\Admin\8c3e93a382f1b4975dfe4578683a572e.php 第 10 行.
NOTIC: [8] Undefined variable: page D:\phpStudy\WWW\learn\tp1625\Application\Runtime\Cache\Admin\8c3e93a382f1b4975dfe4578683a572e.php 第 108 行.
NOTIC: [8] Undefined variable: page D:\phpStudy\WWW\learn\tp1625\Application\Runtime\Cache\Admin\8c3e93a382f1b4975dfe4578683a572e.php 第 113 行.
NOTIC: [8] Undefined variable: page D:\phpStudy\WWW\learn\tp1625\Application\Runtime\Cache\Admin\8c3e93a382f1b4975dfe4578683a572e.php 第 117 行.
NOTIC: [8] Undefined variable: pageMax D:\phpStudy\WWW\learn\tp1625\Application\Runtime\Cache\Admin\8c3e93a382f1b4975dfe4578683a572e.php 第 117 行.
NOTIC: [8] Undefined variable: cart_mount D:\phpStudy\WWW\learn\tp1625\Application\Runtime\Cache\Admin\8c3e93a382f1b4975dfe4578683a572e.php 第 132 行.
INFO: Run Behavior\ParseTemplateBehavior [ RunTime:0.017001s ]
INFO: [ view_parse ] --END-- [ RunTime:0.017001s ]
INFO: [ view_filter ] --START--
INFO: Run Behavior\WriteHtmlCacheBehavior [ RunTime:0.001000s ]
INFO: [ view_filter ] --END-- [ RunTime:0.001000s ]
INFO: [ app_end ] --START--
INFO: Run Behavior\ShowPageTraceBehavior [ RunTime:0.000000s ]
INFO: [ app_end ] --END-- [ RunTime:0.001000s ]

[ 2016-08-23T10:37:13+08:00 ] 127.0.0.1 /index.php/Admin/Goods/sort_goods.html?cat_id=3
INFO: [ app_init ] --START--
INFO: Run Behavior\BuildLiteBehavior [ RunTime:0.000000s ]
INFO: [ app_init ] --END-- [ RunTime:0.001000s ]
INFO: [ app_begin ] --START--
INFO: Run Behavior\ReadHtmlCacheBehavior [ RunTime:0.001000s ]
INFO: [ app_begin ] --END-- [ RunTime:0.001000s ]
SQL: SHOW COLUMNS FROM `ecs_goods` [ RunTime:0.0060s ]
SQL: SELECT * FROM `ecs_goods` WHERE ( cat_id='3' )  [ RunTime:0.0010s ]
INFO: [ view_parse ] --START--
INFO: [ template_filter ] --START--
INFO: Run Behavior\ContentReplaceBehavior [ RunTime:0.000000s ]
INFO: [ template_filter ] --END-- [ RunTime:0.000000s ]
NOTIC: [8] Undefined variable: title D:\phpStudy\WWW\learn\tp1625\Application\Runtime\Cache\Admin\8c3e93a382f1b4975dfe4578683a572e.php 第 10 行.
NOTIC: [8] Undefined variable: page D:\phpStudy\WWW\learn\tp1625\Application\Runtime\Cache\Admin\8c3e93a382f1b4975dfe4578683a572e.php 第 108 行.
NOTIC: [8] Undefined variable: page D:\phpStudy\WWW\learn\tp1625\Application\Runtime\Cache\Admin\8c3e93a382f1b4975dfe4578683a572e.php 第 113 行.
NOTIC: [8] Undefined variable: page D:\phpStudy\WWW\learn\tp1625\Application\Runtime\Cache\Admin\8c3e93a382f1b4975dfe4578683a572e.php 第 117 行.
NOTIC: [8] Undefined variable: pageMax D:\phpStudy\WWW\learn\tp1625\Application\Runtime\Cache\Admin\8c3e93a382f1b4975dfe4578683a572e.php 第 117 行.
NOTIC: [8] Undefined variable: cart_mount D:\phpStudy\WWW\learn\tp1625\Application\Runtime\Cache\Admin\8c3e93a382f1b4975dfe4578683a572e.php 第 132 行.
INFO: Run Behavior\ParseTemplateBehavior [ RunTime:0.017001s ]
INFO: [ view_parse ] --END-- [ RunTime:0.017001s ]
INFO: [ view_filter ] --START--
INFO: Run Behavior\WriteHtmlCacheBehavior [ RunTime:0.000000s ]
INFO: [ view_filter ] --END-- [ RunTime:0.001000s ]
INFO: [ app_end ] --START--
INFO: Run Behavior\ShowPageTraceBehavior [ RunTime:0.002000s ]
INFO: [ app_end ] --END-- [ RunTime:0.002000s ]

[ 2016-08-23T10:37:16+08:00 ] 127.0.0.1 /index.php/Admin/Goods/sort_goods.html?cat_id=4
INFO: [ app_init ] --START--
INFO: Run Behavior\BuildLiteBehavior [ RunTime:0.000000s ]
INFO: [ app_init ] --END-- [ RunTime:0.001000s ]
INFO: [ app_begin ] --START--
INFO: Run Behavior\ReadHtmlCacheBehavior [ RunTime:0.001000s ]
INFO: [ app_begin ] --END-- [ RunTime:0.001000s ]
SQL: SHOW COLUMNS FROM `ecs_goods` [ RunTime:0.0080s ]
SQL: SELECT * FROM `ecs_goods` WHERE ( cat_id='4' )  [ RunTime:0.0020s ]
INFO: [ view_parse ] --START--
INFO: [ template_filter ] --START--
INFO: Run Behavior\ContentReplaceBehavior [ RunTime:0.001000s ]
INFO: [ template_filter ] --END-- [ RunTime:0.001000s ]
NOTIC: [8] Undefined variable: title D:\phpStudy\WWW\learn\tp1625\Application\Runtime\Cache\Admin\8c3e93a382f1b4975dfe4578683a572e.php 第 10 行.
NOTIC: [8] Undefined variable: page D:\phpStudy\WWW\learn\tp1625\Application\Runtime\Cache\Admin\8c3e93a382f1b4975dfe4578683a572e.php 第 108 行.
NOTIC: [8] Undefined variable: page D:\phpStudy\WWW\learn\tp1625\Application\Runtime\Cache\Admin\8c3e93a382f1b4975dfe4578683a572e.php 第 113 行.
NOTIC: [8] Undefined variable: page D:\phpStudy\WWW\learn\tp1625\Application\Runtime\Cache\Admin\8c3e93a382f1b4975dfe4578683a572e.php 第 117 行.
NOTIC: [8] Undefined variable: pageMax D:\phpStudy\WWW\learn\tp1625\Application\Runtime\Cache\Admin\8c3e93a382f1b4975dfe4578683a572e.php 第 117 行.
NOTIC: [8] Undefined variable: cart_mount D:\phpStudy\WWW\learn\tp1625\Application\Runtime\Cache\Admin\8c3e93a382f1b4975dfe4578683a572e.php 第 132 行.
INFO: Run Behavior\ParseTemplateBehavior [ RunTime:0.022001s ]
INFO: [ view_parse ] --END-- [ RunTime:0.023001s ]
INFO: [ view_filter ] --START--
INFO: Run Behavior\WriteHtmlCacheBehavior [ RunTime:0.001000s ]
INFO: [ view_filter ] --END-- [ RunTime:0.001000s ]
INFO: [ app_end ] --START--
INFO: Run Behavior\ShowPageTraceBehavior [ RunTime:0.001000s ]
INFO: [ app_end ] --END-- [ RunTime:0.001000s ]

[ 2016-08-23T10:37:19+08:00 ] 127.0.0.1 /index.php/Admin/Goods/sort_goods.html?cat_id=5
INFO: [ app_init ] --START--
INFO: Run Behavior\BuildLiteBehavior [ RunTime:0.000000s ]
INFO: [ app_init ] --END-- [ RunTime:0.001000s ]
INFO: [ app_begin ] --START--
INFO: Run Behavior\ReadHtmlCacheBehavior [ RunTime:0.002000s ]
INFO: [ app_begin ] --END-- [ RunTime:0.002000s ]
SQL: SHOW COLUMNS FROM `ecs_goods` [ RunTime:0.0070s ]
SQL: SELECT * FROM `ecs_goods` WHERE ( cat_id='5' )  [ RunTime:0.0010s ]
INFO: [ view_parse ] --START--
INFO: [ template_filter ] --START--
INFO: Run Behavior\ContentReplaceBehavior [ RunTime:0.000000s ]
INFO: [ template_filter ] --END-- [ RunTime:0.001000s ]
NOTIC: [8] Undefined variable: title D:\phpStudy\WWW\learn\tp1625\Application\Runtime\Cache\Admin\8c3e93a382f1b4975dfe4578683a572e.php 第 10 行.
NOTIC: [8] Undefined variable: page D:\phpStudy\WWW\learn\tp1625\Application\Runtime\Cache\Admin\8c3e93a382f1b4975dfe4578683a572e.php 第 108 行.
NOTIC: [8] Undefined variable: page D:\phpStudy\WWW\learn\tp1625\Application\Runtime\Cache\Admin\8c3e93a382f1b4975dfe4578683a572e.php 第 113 行.
NOTIC: [8] Undefined variable: page D:\phpStudy\WWW\learn\tp1625\Application\Runtime\Cache\Admin\8c3e93a382f1b4975dfe4578683a572e.php 第 117 行.
NOTIC: [8] Undefined variable: pageMax D:\phpStudy\WWW\learn\tp1625\Application\Runtime\Cache\Admin\8c3e93a382f1b4975dfe4578683a572e.php 第 117 行.
NOTIC: [8] Undefined variable: cart_mount D:\phpStudy\WWW\learn\tp1625\Application\Runtime\Cache\Admin\8c3e93a382f1b4975dfe4578683a572e.php 第 132 行.
INFO: Run Behavior\ParseTemplateBehavior [ RunTime:0.015001s ]
INFO: [ view_parse ] --END-- [ RunTime:0.015001s ]
INFO: [ view_filter ] --START--
INFO: Run Behavior\WriteHtmlCacheBehavior [ RunTime:0.000000s ]
INFO: [ view_filter ] --END-- [ RunTime:0.000000s ]
INFO: [ app_end ] --START--
INFO: Run Behavior\ShowPageTraceBehavior [ RunTime:0.001000s ]
INFO: [ app_end ] --END-- [ RunTime:0.001000s ]

[ 2016-08-23T10:37:23+08:00 ] 127.0.0.1 /index.php/Admin/Goods/sort_goods.html?cat_id=146
INFO: [ app_init ] --START--
INFO: Run Behavior\BuildLiteBehavior [ RunTime:0.000000s ]
INFO: [ app_init ] --END-- [ RunTime:0.001000s ]
INFO: [ app_begin ] --START--
INFO: Run Behavior\ReadHtmlCacheBehavior [ RunTime:0.001000s ]
INFO: [ app_begin ] --END-- [ RunTime:0.001000s ]
SQL: SHOW COLUMNS FROM `ecs_goods` [ RunTime:0.0060s ]
SQL: SELECT * FROM `ecs_goods` WHERE ( cat_id='146' )  [ RunTime:0.0010s ]
INFO: [ view_parse ] --START--
INFO: [ template_filter ] --START--
INFO: Run Behavior\ContentReplaceBehavior [ RunTime:0.000000s ]
INFO: [ template_filter ] --END-- [ RunTime:0.000000s ]
NOTIC: [8] Undefined variable: title D:\phpStudy\WWW\learn\tp1625\Application\Runtime\Cache\Admin\8c3e93a382f1b4975dfe4578683a572e.php 第 10 行.
NOTIC: [8] Undefined variable: page D:\phpStudy\WWW\learn\tp1625\Application\Runtime\Cache\Admin\8c3e93a382f1b4975dfe4578683a572e.php 第 108 行.
NOTIC: [8] Undefined variable: page D:\phpStudy\WWW\learn\tp1625\Application\Runtime\Cache\Admin\8c3e93a382f1b4975dfe4578683a572e.php 第 113 行.
NOTIC: [8] Undefined variable: page D:\phpStudy\WWW\learn\tp1625\Application\Runtime\Cache\Admin\8c3e93a382f1b4975dfe4578683a572e.php 第 117 行.
NOTIC: [8] Undefined variable: pageMax D:\phpStudy\WWW\learn\tp1625\Application\Runtime\Cache\Admin\8c3e93a382f1b4975dfe4578683a572e.php 第 117 行.
NOTIC: [8] Undefined variable: cart_mount D:\phpStudy\WWW\learn\tp1625\Application\Runtime\Cache\Admin\8c3e93a382f1b4975dfe4578683a572e.php 第 132 行.
INFO: Run Behavior\ParseTemplateBehavior [ RunTime:0.016001s ]
INFO: [ view_parse ] --END-- [ RunTime:0.016001s ]
INFO: [ view_filter ] --START--
INFO: Run Behavior\WriteHtmlCacheBehavior [ RunTime:0.000000s ]
INFO: [ view_filter ] --END-- [ RunTime:0.001000s ]
INFO: [ app_end ] --START--
INFO: Run Behavior\ShowPageTraceBehavior [ RunTime:0.002000s ]
INFO: [ app_end ] --END-- [ RunTime:0.002000s ]

[ 2016-08-23T10:37:25+08:00 ] 127.0.0.1 /index.php/Admin/Goods/sort_goods.html?cat_id=166
INFO: [ app_init ] --START--
INFO: Run Behavior\BuildLiteBehavior [ RunTime:0.000000s ]
INFO: [ app_init ] --END-- [ RunTime:0.000000s ]
INFO: [ app_begin ] --START--
INFO: Run Behavior\ReadHtmlCacheBehavior [ RunTime:0.001000s ]
INFO: [ app_begin ] --END-- [ RunTime:0.001000s ]
SQL: SHOW COLUMNS FROM `ecs_goods` [ RunTime:0.0070s ]
SQL: SELECT * FROM `ecs_goods` WHERE ( cat_id='166' )  [ RunTime:0.0010s ]
INFO: [ view_parse ] --START--
INFO: [ template_filter ] --START--
INFO: Run Behavior\ContentReplaceBehavior [ RunTime:0.001000s ]
INFO: [ template_filter ] --END-- [ RunTime:0.001000s ]
NOTIC: [8] Undefined variable: title D:\phpStudy\WWW\learn\tp1625\Application\Runtime\Cache\Admin\8c3e93a382f1b4975dfe4578683a572e.php 第 10 行.
NOTIC: [8] Undefined variable: page D:\phpStudy\WWW\learn\tp1625\Application\Runtime\Cache\Admin\8c3e93a382f1b4975dfe4578683a572e.php 第 108 行.
NOTIC: [8] Undefined variable: page D:\phpStudy\WWW\learn\tp1625\Application\Runtime\Cache\Admin\8c3e93a382f1b4975dfe4578683a572e.php 第 113 行.
NOTIC: [8] Undefined variable: page D:\phpStudy\WWW\learn\tp1625\Application\Runtime\Cache\Admin\8c3e93a382f1b4975dfe4578683a572e.php 第 117 行.
NOTIC: [8] Undefined variable: pageMax D:\phpStudy\WWW\learn\tp1625\Application\Runtime\Cache\Admin\8c3e93a382f1b4975dfe4578683a572e.php 第 117 行.
NOTIC: [8] Undefined variable: cart_mount D:\phpStudy\WWW\learn\tp1625\Application\Runtime\Cache\Admin\8c3e93a382f1b4975dfe4578683a572e.php 第 132 行.
INFO: Run Behavior\ParseTemplateBehavior [ RunTime:0.023001s ]
INFO: [ view_parse ] --END-- [ RunTime:0.025001s ]
INFO: [ view_filter ] --START--
INFO: Run Behavior\WriteHtmlCacheBehavior [ RunTime:0.000000s ]
INFO: [ view_filter ] --END-- [ RunTime:0.000000s ]
INFO: [ app_end ] --START--
INFO: Run Behavior\ShowPageTraceBehavior [ RunTime:0.001000s ]
INFO: [ app_end ] --END-- [ RunTime:0.001000s ]

[ 2016-08-23T10:37:30+08:00 ] 127.0.0.1 /index.php/Admin/Goods/sort_goods.html?cat_id=14
INFO: [ app_init ] --START--
INFO: Run Behavior\BuildLiteBehavior [ RunTime:0.000000s ]
INFO: [ app_init ] --END-- [ RunTime:0.001000s ]
INFO: [ app_begin ] --START--
INFO: Run Behavior\ReadHtmlCacheBehavior [ RunTime:0.002000s ]
INFO: [ app_begin ] --END-- [ RunTime:0.002000s ]
SQL: SHOW COLUMNS FROM `ecs_goods` [ RunTime:0.0090s ]
SQL: SELECT * FROM `ecs_goods` WHERE ( cat_id='14' )  [ RunTime:0.0010s ]
INFO: [ view_parse ] --START--
INFO: [ template_filter ] --START--
INFO: Run Behavior\ContentReplaceBehavior [ RunTime:0.000000s ]
INFO: [ template_filter ] --END-- [ RunTime:0.000000s ]
NOTIC: [8] Undefined variable: title D:\phpStudy\WWW\learn\tp1625\Application\Runtime\Cache\Admin\8c3e93a382f1b4975dfe4578683a572e.php 第 10 行.
NOTIC: [8] Undefined variable: page D:\phpStudy\WWW\learn\tp1625\Application\Runtime\Cache\Admin\8c3e93a382f1b4975dfe4578683a572e.php 第 108 行.
NOTIC: [8] Undefined variable: page D:\phpStudy\WWW\learn\tp1625\Application\Runtime\Cache\Admin\8c3e93a382f1b4975dfe4578683a572e.php 第 113 行.
NOTIC: [8] Undefined variable: page D:\phpStudy\WWW\learn\tp1625\Application\Runtime\Cache\Admin\8c3e93a382f1b4975dfe4578683a572e.php 第 117 行.
NOTIC: [8] Undefined variable: pageMax D:\phpStudy\WWW\learn\tp1625\Application\Runtime\Cache\Admin\8c3e93a382f1b4975dfe4578683a572e.php 第 117 行.
NOTIC: [8] Undefined variable: cart_mount D:\phpStudy\WWW\learn\tp1625\Application\Runtime\Cache\Admin\8c3e93a382f1b4975dfe4578683a572e.php 第 132 行.
INFO: Run Behavior\ParseTemplateBehavior [ RunTime:0.023001s ]
INFO: [ view_parse ] --END-- [ RunTime:0.023001s ]
INFO: [ view_filter ] --START--
INFO: Run Behavior\WriteHtmlCacheBehavior [ RunTime:0.000000s ]
INFO: [ view_filter ] --END-- [ RunTime:0.000000s ]
INFO: [ app_end ] --START--
INFO: Run Behavior\ShowPageTraceBehavior [ RunTime:0.001000s ]
INFO: [ app_end ] --END-- [ RunTime:0.001000s ]

[ 2016-08-23T10:37:35+08:00 ] 127.0.0.1 /index.php/Admin/Goods/sort_goods.html?cat_id=86
INFO: [ app_init ] --START--
INFO: Run Behavior\BuildLiteBehavior [ RunTime:0.000000s ]
INFO: [ app_init ] --END-- [ RunTime:0.001000s ]
INFO: [ app_begin ] --START--
INFO: Run Behavior\ReadHtmlCacheBehavior [ RunTime:0.001000s ]
INFO: [ app_begin ] --END-- [ RunTime:0.001000s ]
SQL: SHOW COLUMNS FROM `ecs_goods` [ RunTime:0.0100s ]
SQL: SELECT * FROM `ecs_goods` WHERE ( cat_id='86' )  [ RunTime:0.0010s ]
INFO: [ view_parse ] --START--
INFO: [ template_filter ] --START--
INFO: Run Behavior\ContentReplaceBehavior [ RunTime:0.001000s ]
INFO: [ template_filter ] --END-- [ RunTime:0.001000s ]
NOTIC: [8] Undefined variable: title D:\phpStudy\WWW\learn\tp1625\Application\Runtime\Cache\Admin\8c3e93a382f1b4975dfe4578683a572e.php 第 10 行.
NOTIC: [8] Undefined variable: page D:\phpStudy\WWW\learn\tp1625\Application\Runtime\Cache\Admin\8c3e93a382f1b4975dfe4578683a572e.php 第 108 行.
NOTIC: [8] Undefined variable: page D:\phpStudy\WWW\learn\tp1625\Application\Runtime\Cache\Admin\8c3e93a382f1b4975dfe4578683a572e.php 第 113 行.
NOTIC: [8] Undefined variable: page D:\phpStudy\WWW\learn\tp1625\Application\Runtime\Cache\Admin\8c3e93a382f1b4975dfe4578683a572e.php 第 117 行.
NOTIC: [8] Undefined variable: pageMax D:\phpStudy\WWW\learn\tp1625\Application\Runtime\Cache\Admin\8c3e93a382f1b4975dfe4578683a572e.php 第 117 行.
NOTIC: [8] Undefined variable: cart_mount D:\phpStudy\WWW\learn\tp1625\Application\Runtime\Cache\Admin\8c3e93a382f1b4975dfe4578683a572e.php 第 132 行.
INFO: Run Behavior\ParseTemplateBehavior [ RunTime:0.024001s ]
INFO: [ view_parse ] --END-- [ RunTime:0.025001s ]
INFO: [ view_filter ] --START--
INFO: Run Behavior\WriteHtmlCacheBehavior [ RunTime:0.000000s ]
INFO: [ view_filter ] --END-- [ RunTime:0.000000s ]
INFO: [ app_end ] --START--
INFO: Run Behavior\ShowPageTraceBehavior [ RunTime:0.001000s ]
INFO: [ app_end ] --END-- [ RunTime:0.001000s ]

[ 2016-08-23T10:37:38+08:00 ] 127.0.0.1 /index.php/Admin/Goods/sort_goods.html?cat_id=4
INFO: [ app_init ] --START--
INFO: Run Behavior\BuildLiteBehavior [ RunTime:0.000000s ]
INFO: [ app_init ] --END-- [ RunTime:0.001000s ]
INFO: [ app_begin ] --START--
INFO: Run Behavior\ReadHtmlCacheBehavior [ RunTime:0.002000s ]
INFO: [ app_begin ] --END-- [ RunTime:0.002000s ]
SQL: SHOW COLUMNS FROM `ecs_goods` [ RunTime:0.0060s ]
SQL: SELECT * FROM `ecs_goods` WHERE ( cat_id='4' )  [ RunTime:0.0000s ]
INFO: [ view_parse ] --START--
INFO: [ template_filter ] --START--
INFO: Run Behavior\ContentReplaceBehavior [ RunTime:0.000000s ]
INFO: [ template_filter ] --END-- [ RunTime:0.000000s ]
NOTIC: [8] Undefined variable: title D:\phpStudy\WWW\learn\tp1625\Application\Runtime\Cache\Admin\8c3e93a382f1b4975dfe4578683a572e.php 第 10 行.
NOTIC: [8] Undefined variable: page D:\phpStudy\WWW\learn\tp1625\Application\Runtime\Cache\Admin\8c3e93a382f1b4975dfe4578683a572e.php 第 108 行.
NOTIC: [8] Undefined variable: page D:\phpStudy\WWW\learn\tp1625\Application\Runtime\Cache\Admin\8c3e93a382f1b4975dfe4578683a572e.php 第 113 行.
NOTIC: [8] Undefined variable: page D:\phpStudy\WWW\learn\tp1625\Application\Runtime\Cache\Admin\8c3e93a382f1b4975dfe4578683a572e.php 第 117 行.
NOTIC: [8] Undefined variable: pageMax D:\phpStudy\WWW\learn\tp1625\Application\Runtime\Cache\Admin\8c3e93a382f1b4975dfe4578683a572e.php 第 117 行.
NOTIC: [8] Undefined variable: cart_mount D:\phpStudy\WWW\learn\tp1625\Application\Runtime\Cache\Admin\8c3e93a382f1b4975dfe4578683a572e.php 第 132 行.
INFO: Run Behavior\ParseTemplateBehavior [ RunTime:0.021002s ]
INFO: [ view_parse ] --END-- [ RunTime:0.021002s ]
INFO: [ view_filter ] --START--
INFO: Run Behavior\WriteHtmlCacheBehavior [ RunTime:0.001000s ]
INFO: [ view_filter ] --END-- [ RunTime:0.001000s ]
INFO: [ app_end ] --START--
INFO: Run Behavior\ShowPageTraceBehavior [ RunTime:0.001000s ]
INFO: [ app_end ] --END-- [ RunTime:0.002000s ]

[ 2016-08-23T10:37:41+08:00 ] 127.0.0.1 /index.php/Admin/Goods/sort_goods.html?cat_id=4
INFO: [ app_init ] --START--
INFO: Run Behavior\BuildLiteBehavior [ RunTime:0.000000s ]
INFO: [ app_init ] --END-- [ RunTime:0.001000s ]
INFO: [ app_begin ] --START--
INFO: Run Behavior\ReadHtmlCacheBehavior [ RunTime:0.001000s ]
INFO: [ app_begin ] --END-- [ RunTime:0.001000s ]
SQL: SHOW COLUMNS FROM `ecs_goods` [ RunTime:0.0080s ]
SQL: SELECT * FROM `ecs_goods` WHERE ( cat_id='4' )  [ RunTime:0.0010s ]
INFO: [ view_parse ] --START--
INFO: [ template_filter ] --START--
INFO: Run Behavior\ContentReplaceBehavior [ RunTime:0.000000s ]
INFO: [ template_filter ] --END-- [ RunTime:0.000000s ]
NOTIC: [8] Undefined variable: title D:\phpStudy\WWW\learn\tp1625\Application\Runtime\Cache\Admin\8c3e93a382f1b4975dfe4578683a572e.php 第 10 行.
NOTIC: [8] Undefined variable: page D:\phpStudy\WWW\learn\tp1625\Application\Runtime\Cache\Admin\8c3e93a382f1b4975dfe4578683a572e.php 第 108 行.
NOTIC: [8] Undefined variable: page D:\phpStudy\WWW\learn\tp1625\Application\Runtime\Cache\Admin\8c3e93a382f1b4975dfe4578683a572e.php 第 113 行.
NOTIC: [8] Undefined variable: page D:\phpStudy\WWW\learn\tp1625\Application\Runtime\Cache\Admin\8c3e93a382f1b4975dfe4578683a572e.php 第 117 行.
NOTIC: [8] Undefined variable: pageMax D:\phpStudy\WWW\learn\tp1625\Application\Runtime\Cache\Admin\8c3e93a382f1b4975dfe4578683a572e.php 第 117 行.
NOTIC: [8] Undefined variable: cart_mount D:\phpStudy\WWW\learn\tp1625\Application\Runtime\Cache\Admin\8c3e93a382f1b4975dfe4578683a572e.php 第 132 行.
INFO: Run Behavior\ParseTemplateBehavior [ RunTime:0.017001s ]
INFO: [ view_parse ] --END-- [ RunTime:0.017001s ]
INFO: [ view_filter ] --START--
INFO: Run Behavior\WriteHtmlCacheBehavior [ RunTime:0.001000s ]
INFO: [ view_filter ] --END-- [ RunTime:0.001000s ]
INFO: [ app_end ] --START--
INFO: Run Behavior\ShowPageTraceBehavior [ RunTime:0.000000s ]
INFO: [ app_end ] --END-- [ RunTime:0.001000s ]

