[ 2016-08-09T11:22:19+08:00 ] ::1 /learn/tp1625/__PBULIC__/bootstrap/css/bootstrap.min.css
INFO: [ app_init ] --START--
INFO: Run Behavior\BuildLiteBehavior [ RunTime:0.000000s ]
INFO: [ app_init ] --END-- [ RunTime:0.000000s ]
ERR: 无法加载模块:__PBULIC__

[ 2016-08-09T11:22:19+08:00 ] ::1 /learn/tp1625/__PBULIC__/bootstrap/js/bootstrap.min.js
INFO: [ app_init ] --START--
INFO: Run Behavior\BuildLiteBehavior [ RunTime:0.000000s ]
INFO: [ app_init ] --END-- [ RunTime:0.000000s ]
ERR: 无法加载模块:__PBULIC__

[ 2016-08-09T11:22:19+08:00 ] ::1 /learn/tp1625/__PBULIC__/bootstrap/css/bootstrap-theme.min.css
INFO: [ app_init ] --START--
INFO: Run Behavior\BuildLiteBehavior [ RunTime:0.000000s ]
INFO: [ app_init ] --END-- [ RunTime:0.000000s ]
ERR: 无法加载模块:__PBULIC__

[ 2016-08-09T11:22:19+08:00 ] ::1 /learn/tp1625/__PBULIC__/bootstrap/js/jquery-1.11.0.min.js
INFO: [ app_init ] --START--
INFO: Run Behavior\BuildLiteBehavior [ RunTime:0.000000s ]
INFO: [ app_init ] --END-- [ RunTime:0.000000s ]
ERR: 无法加载模块:__PBULIC__

[ 2016-08-09T11:22:19+08:00 ] ::1 /learn/tp1625/__PBULIC__/bootstrap/js/bootstrap.min.js
INFO: [ app_init ] --START--
INFO: Run Behavior\BuildLiteBehavior [ RunTime:0.000000s ]
INFO: [ app_init ] --END-- [ RunTime:0.000000s ]
ERR: 无法加载模块:__PBULIC__

[ 2016-08-09T11:22:26+08:00 ] ::1 /learn/tp1625/__PBULIC__/bootstrap/css/bootstrap-theme.min.css
INFO: [ app_init ] --START--
INFO: Run Behavior\BuildLiteBehavior [ RunTime:0.000000s ]
INFO: [ app_init ] --END-- [ RunTime:0.000000s ]
ERR: 无法加载模块:__PBULIC__

[ 2016-08-09T11:22:26+08:00 ] ::1 /learn/tp1625/__PBULIC__/bootstrap/css/bootstrap.min.css
INFO: [ app_init ] --START--
INFO: Run Behavior\BuildLiteBehavior [ RunTime:0.000000s ]
INFO: [ app_init ] --END-- [ RunTime:0.000000s ]
ERR: 无法加载模块:__PBULIC__

[ 2016-08-09T11:22:26+08:00 ] ::1 /learn/tp1625/__PBULIC__/bootstrap/js/bootstrap.min.js
INFO: [ app_init ] --START--
INFO: Run Behavior\BuildLiteBehavior [ RunTime:0.000000s ]
INFO: [ app_init ] --END-- [ RunTime:0.000000s ]
ERR: 无法加载模块:__PBULIC__

[ 2016-08-09T11:22:26+08:00 ] ::1 /learn/tp1625/__PBULIC__/bootstrap/js/jquery-1.11.0.min.js
INFO: [ app_init ] --START--
INFO: Run Behavior\BuildLiteBehavior [ RunTime:0.000000s ]
INFO: [ app_init ] --END-- [ RunTime:0.000000s ]
ERR: 无法加载模块:__PBULIC__

[ 2016-08-09T11:22:26+08:00 ] ::1 /learn/tp1625/__PBULIC__/bootstrap/js/bootstrap.min.js
INFO: [ app_init ] --START--
INFO: Run Behavior\BuildLiteBehavior [ RunTime:0.000000s ]
INFO: [ app_init ] --END-- [ RunTime:0.000000s ]
ERR: 无法加载模块:__PBULIC__

[ 2016-08-09T11:23:47+08:00 ] ::1 /learn/tp1625/__PBULIC__/bootstrap/css/bootstrap.min.css
INFO: [ app_init ] --START--
INFO: Run Behavior\BuildLiteBehavior [ RunTime:0.000000s ]
INFO: [ app_init ] --END-- [ RunTime:0.000000s ]
ERR: 无法加载模块:__PBULIC__

[ 2016-08-09T11:23:47+08:00 ] ::1 /learn/tp1625/__PBULIC__/bootstrap/css/bootstrap-theme.min.css
INFO: [ app_init ] --START--
INFO: Run Behavior\BuildLiteBehavior [ RunTime:0.000000s ]
INFO: [ app_init ] --END-- [ RunTime:0.000000s ]
ERR: 无法加载模块:__PBULIC__

[ 2016-08-09T11:23:47+08:00 ] ::1 /learn/tp1625/__PBULIC__/bootstrap/js/bootstrap.min.js
INFO: [ app_init ] --START--
INFO: Run Behavior\BuildLiteBehavior [ RunTime:0.000000s ]
INFO: [ app_init ] --END-- [ RunTime:0.000000s ]
ERR: 无法加载模块:__PBULIC__

[ 2016-08-09T11:23:47+08:00 ] ::1 /learn/tp1625/__PBULIC__/bootstrap/js/jquery-1.11.0.min.js
INFO: [ app_init ] --START--
INFO: Run Behavior\BuildLiteBehavior [ RunTime:0.000000s ]
INFO: [ app_init ] --END-- [ RunTime:0.000000s ]
ERR: 无法加载模块:__PBULIC__

[ 2016-08-09T11:23:47+08:00 ] ::1 /learn/tp1625/__PBULIC__/bootstrap/js/bootstrap.min.js
INFO: [ app_init ] --START--
INFO: Run Behavior\BuildLiteBehavior [ RunTime:0.000000s ]
INFO: [ app_init ] --END-- [ RunTime:0.000000s ]
ERR: 无法加载模块:__PBULIC__

[ 2016-08-09T11:23:53+08:00 ] ::1 /learn/tp1625/__PBULIC__/bootstrap/css/bootstrap.min.css
INFO: [ app_init ] --START--
INFO: Run Behavior\BuildLiteBehavior [ RunTime:0.000000s ]
INFO: [ app_init ] --END-- [ RunTime:0.000000s ]
ERR: 无法加载模块:__PBULIC__

[ 2016-08-09T11:23:53+08:00 ] ::1 /learn/tp1625/__PBULIC__/bootstrap/js/jquery-1.11.0.min.js
INFO: [ app_init ] --START--
INFO: Run Behavior\BuildLiteBehavior [ RunTime:0.000000s ]
INFO: [ app_init ] --END-- [ RunTime:0.000000s ]
ERR: 无法加载模块:__PBULIC__

[ 2016-08-09T11:23:53+08:00 ] ::1 /learn/tp1625/__PBULIC__/bootstrap/js/bootstrap.min.js
INFO: [ app_init ] --START--
INFO: Run Behavior\BuildLiteBehavior [ RunTime:0.000000s ]
INFO: [ app_init ] --END-- [ RunTime:0.000000s ]
ERR: 无法加载模块:__PBULIC__

[ 2016-08-09T11:23:53+08:00 ] ::1 /learn/tp1625/__PBULIC__/bootstrap/css/bootstrap-theme.min.css
INFO: [ app_init ] --START--
INFO: Run Behavior\BuildLiteBehavior [ RunTime:0.000000s ]
INFO: [ app_init ] --END-- [ RunTime:0.000000s ]
ERR: 无法加载模块:__PBULIC__

[ 2016-08-09T11:23:58+08:00 ] ::1 /learn/tp1625/__PBULIC__/bootstrap/css/bootstrap.min.css
INFO: [ app_init ] --START--
INFO: Run Behavior\BuildLiteBehavior [ RunTime:0.000000s ]
INFO: [ app_init ] --END-- [ RunTime:0.000000s ]
ERR: 无法加载模块:__PBULIC__

[ 2016-08-09T11:23:58+08:00 ] ::1 /learn/tp1625/__PBULIC__/bootstrap/css/bootstrap-theme.min.css
INFO: [ app_init ] --START--
INFO: Run Behavior\BuildLiteBehavior [ RunTime:0.000000s ]
INFO: [ app_init ] --END-- [ RunTime:0.000000s ]
ERR: 无法加载模块:__PBULIC__

[ 2016-08-09T11:23:58+08:00 ] ::1 /learn/tp1625/__PBULIC__/bootstrap/js/jquery-1.11.0.min.js
INFO: [ app_init ] --START--
INFO: Run Behavior\BuildLiteBehavior [ RunTime:0.000000s ]
INFO: [ app_init ] --END-- [ RunTime:0.000000s ]
ERR: 无法加载模块:__PBULIC__

[ 2016-08-09T11:23:58+08:00 ] ::1 /learn/tp1625/__PBULIC__/bootstrap/js/bootstrap.min.js
INFO: [ app_init ] --START--
INFO: Run Behavior\BuildLiteBehavior [ RunTime:0.000000s ]
INFO: [ app_init ] --END-- [ RunTime:0.000000s ]
ERR: 无法加载模块:__PBULIC__

[ 2016-08-09T11:32:02+08:00 ] ::1 /learn/tp1625/__PBULIC__/bootstrap/css/bootstrap.min.css
INFO: [ app_init ] --START--
INFO: Run Behavior\BuildLiteBehavior [ RunTime:0.000000s ]
INFO: [ app_init ] --END-- [ RunTime:0.000000s ]
ERR: 无法加载模块:__PBULIC__

[ 2016-08-09T11:32:02+08:00 ] ::1 /learn/tp1625/__PBULIC__/bootstrap/js/jquery-1.11.0.min.js
INFO: [ app_init ] --START--
INFO: Run Behavior\BuildLiteBehavior [ RunTime:0.000000s ]
INFO: [ app_init ] --END-- [ RunTime:0.000000s ]
ERR: 无法加载模块:__PBULIC__

[ 2016-08-09T11:32:02+08:00 ] ::1 /learn/tp1625/__PBULIC__/bootstrap/js/bootstrap.min.js
INFO: [ app_init ] --START--
INFO: Run Behavior\BuildLiteBehavior [ RunTime:0.000000s ]
INFO: [ app_init ] --END-- [ RunTime:0.000000s ]
ERR: 无法加载模块:__PBULIC__

[ 2016-08-09T11:32:02+08:00 ] ::1 /learn/tp1625/__PBULIC__/bootstrap/css/bootstrap-theme.min.css
INFO: [ app_init ] --START--
INFO: Run Behavior\BuildLiteBehavior [ RunTime:0.000000s ]
INFO: [ app_init ] --END-- [ RunTime:0.015600s ]
ERR: 无法加载模块:__PBULIC__

[ 2016-08-09T11:32:32+08:00 ] ::1 /learn/tp1625/__PBULIC__/bootstrap/js/jquery-1.11.0.min.js
INFO: [ app_init ] --START--
INFO: Run Behavior\BuildLiteBehavior [ RunTime:0.000000s ]
INFO: [ app_init ] --END-- [ RunTime:0.000000s ]
ERR: 无法加载模块:__PBULIC__

[ 2016-08-09T11:32:32+08:00 ] ::1 /learn/tp1625/__PBULIC__/bootstrap/css/bootstrap.min.css
INFO: [ app_init ] --START--
INFO: Run Behavior\BuildLiteBehavior [ RunTime:0.000000s ]
INFO: [ app_init ] --END-- [ RunTime:0.000000s ]
ERR: 无法加载模块:__PBULIC__

[ 2016-08-09T11:32:32+08:00 ] ::1 /learn/tp1625/__PBULIC__/bootstrap/css/bootstrap-theme.min.css
INFO: [ app_init ] --START--
INFO: Run Behavior\BuildLiteBehavior [ RunTime:0.000000s ]
INFO: [ app_init ] --END-- [ RunTime:0.015600s ]
ERR: 无法加载模块:__PBULIC__

[ 2016-08-09T11:32:32+08:00 ] ::1 /learn/tp1625/__PBULIC__/bootstrap/js/bootstrap.min.js
INFO: [ app_init ] --START--
INFO: Run Behavior\BuildLiteBehavior [ RunTime:0.000000s ]
INFO: [ app_init ] --END-- [ RunTime:0.000000s ]
ERR: 无法加载模块:__PBULIC__

[ 2016-08-09T11:32:54+08:00 ] ::1 /learn/tp1625/__PBULIC__/bootstrap/css/bootstrap.min.css
INFO: [ app_init ] --START--
INFO: Run Behavior\BuildLiteBehavior [ RunTime:0.000000s ]
INFO: [ app_init ] --END-- [ RunTime:0.000000s ]
ERR: 无法加载模块:__PBULIC__

[ 2016-08-09T11:32:54+08:00 ] ::1 /learn/tp1625/__PBULIC__/bootstrap/css/bootstrap-theme.min.css
INFO: [ app_init ] --START--
INFO: Run Behavior\BuildLiteBehavior [ RunTime:0.000000s ]
INFO: [ app_init ] --END-- [ RunTime:0.000000s ]
ERR: 无法加载模块:__PBULIC__

[ 2016-08-09T11:32:54+08:00 ] ::1 /learn/tp1625/__PBULIC__/bootstrap/js/bootstrap.min.js
INFO: [ app_init ] --START--
INFO: Run Behavior\BuildLiteBehavior [ RunTime:0.000000s ]
INFO: [ app_init ] --END-- [ RunTime:0.000000s ]
ERR: 无法加载模块:__PBULIC__

[ 2016-08-09T11:32:54+08:00 ] ::1 /learn/tp1625/__PBULIC__/bootstrap/js/jquery-1.11.0.min.js
INFO: [ app_init ] --START--
INFO: Run Behavior\BuildLiteBehavior [ RunTime:0.000000s ]
INFO: [ app_init ] --END-- [ RunTime:0.000000s ]
ERR: 无法加载模块:__PBULIC__

[ 2016-08-09T11:32:54+08:00 ] ::1 /learn/tp1625/__PBULIC__/bootstrap/js/bootstrap.min.js
INFO: [ app_init ] --START--
INFO: Run Behavior\BuildLiteBehavior [ RunTime:0.000000s ]
INFO: [ app_init ] --END-- [ RunTime:0.000000s ]
ERR: 无法加载模块:__PBULIC__

[ 2016-08-09T11:33:11+08:00 ] ::1 /learn/tp1625/__PBULIC__/bootstrap/css/bootstrap.min.css
INFO: [ app_init ] --START--
INFO: Run Behavior\BuildLiteBehavior [ RunTime:0.000000s ]
INFO: [ app_init ] --END-- [ RunTime:0.000000s ]
ERR: 无法加载模块:__PBULIC__

[ 2016-08-09T11:33:11+08:00 ] ::1 /learn/tp1625/__PBULIC__/bootstrap/js/jquery-1.11.0.min.js
INFO: [ app_init ] --START--
INFO: Run Behavior\BuildLiteBehavior [ RunTime:0.000000s ]
INFO: [ app_init ] --END-- [ RunTime:0.000000s ]
ERR: 无法加载模块:__PBULIC__

[ 2016-08-09T11:33:11+08:00 ] ::1 /learn/tp1625/__PBULIC__/bootstrap/css/bootstrap-theme.min.css
INFO: [ app_init ] --START--
INFO: Run Behavior\BuildLiteBehavior [ RunTime:0.000000s ]
INFO: [ app_init ] --END-- [ RunTime:0.000000s ]
ERR: 无法加载模块:__PBULIC__

[ 2016-08-09T11:33:11+08:00 ] ::1 /learn/tp1625/__PBULIC__/bootstrap/js/bootstrap.min.js
INFO: [ app_init ] --START--
INFO: Run Behavior\BuildLiteBehavior [ RunTime:0.000000s ]
INFO: [ app_init ] --END-- [ RunTime:0.000000s ]
ERR: 无法加载模块:__PBULIC__

[ 2016-08-09T12:48:20+08:00 ] ::1 /learn/tp1625/i
INFO: [ app_init ] --START--
INFO: Run Behavior\BuildLiteBehavior [ RunTime:0.000000s ]
INFO: [ app_init ] --END-- [ RunTime:0.001000s ]
ERR: 无法加载模块:I

